
ROM used:   5071/8192 (62%)
            6130/8192 (75%) including unused fragments

            0.9 Average locations per line
            5.8 Average locations per statement

RAM used:   119/1024 (12%) at main() level
            176/1024 (17%) worst case

Stack used: 7 worst case (5 in main + 2 for interrupts)
Stack size: 16

Lines Stmts  %   Files
----- ----- ---  -----
  398   214  24  Project Control PI.c
  841     0   0  ..\..\..\..\..\..\Program Files (x86)\PICC\Devices\16f1459.h
 2227   257  29  ..\..\..\..\..\..\Program Files (x86)\PICC\Drivers\math.h
  435     0   0  ..\..\..\..\..\..\Program Files (x86)\PICC\Drivers\string.h
   32     0   0  ..\..\..\..\..\..\Program Files (x86)\PICC\Drivers\stddef.h
   28     0   0  ..\..\..\..\..\..\Program Files (x86)\PICC\Drivers\ctype.h
 1351   359  41  ..\..\..\..\..\..\Program Files (x86)\PICC\Drivers\stdlib.h
  243    46   5  flex_lcd.c
----- -----
 5555   876 Total

Page ROM  %  RAM    Vol Diff  Functions:
---- --- --- ---    --- ----  ----------
0     22   0    1             @delay_ms1
0     65   1   10             @FLT
0     33   1    4             @SFTOI
0     31   1    2             @ITOF
0    119   2   13             @MULFF
0    327   6   16             @ADDFF
 Inline         2             @MUL88
0      5   0    0             @const1015
0     52   1    1    326  2.8  lcd_send_nibble
0     43   1    3    235  3.8  lcd_send_byte
0     81   2    2    380  4.7  lcd_init
0     20   0    4    186  5.5  lcd_gotoxy
0     54   1    1    272  4.1  lcd_putc
 Inline         0             @PUTCHARI_BIU_1
 Inline         0             @GETCH_BIU_1
0    129   3    4    625  6.2  RDA_ISR
1    124   2    4     53  1.4  envioUART
0      6   0    0             @const1083
 Inline         4             @PSTRINGCN7_9600_111_109
0     33   1    5             @FTOSD
0     79   2   13             @DIV3232
1    235   5   13             @PRINTF_L32D_9600_111_109FPFPF
0     76   1    6     99  2.4  calculos_rtd
 Inline        13    567  6.7  calculos_pi
1    473   9   13    630  6.2  calculos_pid
0     41   1    0    248  3.2  int_tiempo0
2   2024  40    3   5876  9.4  MAIN
0    121   2    8             @PWM_SET_PERIOD_HW_1
0      5   0    0             @const1114
0     78   2    3             @PSTRINGC7_1028
0    218   4   13             @PRINTF_L32D_1028FPFPF
0      1   0    0             @const1123
0      8   0    0             @const1124
0     88   2    4             @PSTRINGCN7_1028
0     23   0    3             @DIV88
0     99   2    6             @PRINTF_D_1028
1    107   2    9             @PRINTF_LU_1028
0      4   0    0             @const1136
1     82   2    3             @PSTRINGC7_9600_111_109
0      8   0    0             @const1138
0      8   0    0             @const1139
0      9   0    0             @const1140
0      7   0    0             @const1141
0      9   0    0             @const1142
0      6   0    0             @const1143
0      8   0    0             @const1144
0      6   0    0             @const1146
0      7   0    0             @const1147
0      9   0    0             @const1148
0      8   0    0             @const1149
2     10   0    0             @goto56156
 Inline         0             @cinit1

Program metrics:
    Functions               12
    Statements              876
    Comments                1090
    Volume (V)              13169
    Difficulty (D)          54.4
    Effort to implement (E) 716420
    Time to implement (T)   11 hours, 3 minutes
    Est Delivered Bugs (B)  3
    Cyclomatic Complexity   32
    Maintainability (MI)    105

 Segment     Used  Free
-----------  ----  ----
00000-00002     3  0  
00003-00003     1  0  
00004-00046    67  0  
00047-007FF  1945  32  
00800-00FFF  1021  1027  
01000-017FF  2034  14  
01800-01FFF     0  2048  



