
ROM used: 3294 (80%)
          3346 (82%) including unused fragments

          1 Average locations per line
          8 Average locations per statement

RAM used: 94 (26%) at main() level
          171 (46%) worst case

Stack used: 12 worst case (out of 8 total available)

Lines Stmts  %   Files
----- ----- ---  -----
  200   104  27  Project Control PI.c
  299     0   0  ..\..\..\..\..\..\Program Files (x86)\PICC\devices\16f88.h
 2104   238  61  ..\..\..\..\..\..\Program Files (x86)\PICC\drivers\math.h
  243    46  12  flex_lcd.c
----- -----
 2846   388 Total

Page ROM  %  RAM   Vol Diff  Functions:
---- --- --- ---   --- ----  ----------
0     20   1   1             @delay_ms1
0     65   2  10             @FLT
0     33   1   4             @SFTOI
0     31   1   2             @ITOF
0    204   6  14             @DIVFF
0    326  10  16             @ADDFF
0    119   4  13             @MULFF
0    158   5  21   494 10.7  sqrt
0      8   0   0             @const189
0     51   2   1   326  2.8  lcd_send_nibble
0     43   1   3   235  3.8  lcd_send_byte
0     94   3   2   380  4.7  lcd_init
0     20   1   4   186  5.5  lcd_gotoxy
0     49   1   1   272  4.1  lcd_putc
 Inline        0             @GETCH_BIU_1
0     19   1   0    45  1.7  RDA_ISR
0     14   0   2   149  3.1  envioUART
0    318  10  10   321  3.7  calculos_rtd
1    427  13   4   471  5.1  calculos_pid
1    405  12  12  1119  5.3  int_tiempo0
0     15   0   0  1119  5.3  @const246
0     33   1   5             @FTOSD
0     68   2  13             @DIV3232
0    220   7  13             @PRINTF_L32D_202FPFPF
1    353  11   2  1228  6.8  MAIN
0     15   0   0  1272  8.2  @const258
1    113   3   9             @PRINTF_LU_202
0     12   0   0             @const263

Program metrics:
    Functions               14
    Statements              388
    Comments                399
    Volume (V)              12105
    Difficilty (D)          68.5
    Effort to implement (E) 829385
    Time to implement (T)   12 hours, 48 minutes
    Est Delivered Bugs (B)  3
    Cyclomatic Complexity   25
    Maintainability (MI)    127

 Segment     Used  Free
-----------  ----  ----
00000-00003     4  0  
00004-0003C    57  0  
0003D-007FF  1935  52  
00800-00FFF  1298  750  



