
ROM used: 3674 (90%)
          3686 (90%) including unused fragments

          1 Average locations per line
          10 Average locations per statement

RAM used: 115 (31%) at main() level
          192 (52%) worst case

Stack used: 11 worst case (out of 8 total available)

Lines Stmts  %   Files
----- ----- ---  -----
  174   101  26  Project Control PI.c
  299     0   0  ..\..\..\..\..\..\Program Files (x86)\PICC\devices\16f88.h
 2104   238  62  ..\..\..\..\..\..\Program Files (x86)\PICC\drivers\math.h
  243    46  12  flex_lcd.c
----- -----
 2820   385 Total

Page ROM  %  RAM   Vol Diff  Functions:
---- --- --- ---   --- ----  ----------
0     20   1   1             @delay_ms1
0    141   4  10             @FLT
1     33   1   4             @SFTOI
0     31   1   2             @ITOF
0    292   8  14             @DIVFF
0    326   9  16             @ADDFF
0    119   3  13             @MULFF
 Inline       21   494 10.7  sqrt
0      8   0   0             @const189
0     51   1   1   326  2.8  lcd_send_nibble
0     43   1   3   235  3.8  lcd_send_byte
1    118   3   2   380  4.7  lcd_init
0     20   1   4   186  5.5  lcd_gotoxy
0     49   1   1   272  4.1  lcd_putc
 Inline        0   149  3.1  @GETCH_BIU_1
0     21   1   0    40  1.7  RDA_ISR
1     16   0   2   149  3.1  envioUART
0    496  14  10   321  3.7  calculos_rtd
1    436  12  12   430  6.0  calculos_pid
1    461  13  12  1119  5.3  int_tiempo0
0     15   0   0             @const249
 Inline        5  1238  8.2  @FTOSD
0     68   2  13  1354  6.9  @DIV3232
0    248   7  13  1363  6.9  @PRINTF_L32D_202FPFPF
1    461  13   2  1245  5.4  MAIN
0     15   0   0             @const261
1    113   3   9             @PRINTF_LU_202
0     12   0   0             @const265

Program metrics:
    Functions               16
    Statements              385
    Comments                382
    Volume (V)              14902
    Difficilty (D)          80.1
    Effort to implement (E) 1193168
    Time to implement (T)   18 hours, 25 minutes
    Est Delivered Bugs (B)  4
    Cyclomatic Complexity   23
    Maintainability (MI)    132

 Segment     Used  Free
-----------  ----  ----
00000-00003     4  0  
00004-0003C    57  0  
0003D-007FF  1975  12  
00800-00FFF  1638  410  



