
ROM used: 2371 (58%)
          2633 (64%) including unused fragments

          1 Average locations per line
          7 Average locations per statement

RAM used: 64 (17%) at main() level
          122 (33%) worst case

Stack used: 7 worst case (out of 8 total available)

Lines Stmts  %   Files
----- ----- ---  -----
   95    65  19  Project Control PI.c
  299     0   0  ..\..\..\..\..\..\Program Files (x86)\PICC\devices\16f88.h
 2104   238  68  ..\..\..\..\..\..\Program Files (x86)\PICC\drivers\math.h
  243    46  13  flex_lcd.c
----- -----
 2741   349 Total

Page ROM  %  RAM   Vol Diff  Functions:
---- --- --- ---   --- ----  ----------
0     21   1   1             @delay_ms1
0     63   3  10             @FLT
0     30   1   2             @ITOF
0    204   9  14             @DIVFF
0    326  14  16             @ADDFF
0    117   5  13             @MULFF
0    183   8  21   494 10.7  sqrt
0      8   0   0             @const188
0     41   2   1   326  2.8  lcd_send_nibble
0     39   2   3   235  3.8  lcd_send_byte
0     64   3   2   380  4.7  lcd_init
0     18   1   4   186  5.5  lcd_gotoxy
0     43   2   1   272  4.1  lcd_putc
0    251  11  12   885  5.3  int_tiempo0
1    585  25  20  1290  4.8  MAIN
0     13   1   0             @const221
 Inline        5             @FTOSD
0     66   3  13             @DIV3232
0    231  10  13             @PRINTF_L32D_201FPFPF
0     15   1   0             @const231

Program metrics:
    Functions               8
    Statements              349
    Comments                364
    Volume (V)              6047
    Difficilty (D)          39.3
    Effort to implement (E) 237569
    Time to implement (T)   3 hours, 40 minutes
    Est Delivered Bugs (B)  1
    Cyclomatic Complexity   16
    Maintainability (MI)    32

 Segment     Used  Free
-----------  ----  ----
00000-00003     4  0  
00004-00034    49  0  
00035-007FF  1733  262  
00800-00FFF   585  1463  



